build/app/intermediates/manifest_merge_blame_file/release/manifest-merger-blame-release-report.txt
1<?xml version="1.0" encoding="utf-8"?>
2<manifest xmlns:android="http://schemas.android.com/apk/res/android"
3    package="com.legumtechnica.mydrona"
4    android:versionCode="1"
5    android:versionName="1.0.0" >
6
7    <uses-sdk
8        android:minSdkVersion="21"
8-->src/main/AndroidManifest.xml
9        android:targetSdkVersion="34" />
9-->src/main/AndroidManifest.xml
10
11    <uses-permission android:name="android.permission.INTERNET" />
11-->src/main/AndroidManifest.xml:4:5-66
11-->src/main/AndroidManifest.xml:4:22-64
12    <uses-permission android:name="android.permission.GET_SIGNATURES" />
12-->[io.github.otpless-tech:otpless-android-sdk:2.3.8] AndroidManifest.xml:12:5-73
12-->[io.github.otpless-tech:otpless-android-sdk:2.3.8] AndroidManifest.xml:12:22-70
13    <uses-permission android:name="android.permission.ACCESS_NETWORK_STATE" />
13-->[io.github.otpless-tech:otpless-android-sdk:2.3.8] AndroidManifest.xml:13:5-79
13-->[io.github.otpless-tech:otpless-android-sdk:2.3.8] AndroidManifest.xml:13:22-76
14    <uses-permission android:name="android.permission.ACCESS_WIFI_STATE" />
14-->[io.github.otpless-tech:otpless-android-sdk:2.3.8] AndroidManifest.xml:14:5-76
14-->[io.github.otpless-tech:otpless-android-sdk:2.3.8] AndroidManifest.xml:14:22-73
15    <uses-permission android:name="android.permission.CHANGE_WIFI_STATE" />
15-->[io.github.otpless-tech:otpless-android-sdk:2.3.8] AndroidManifest.xml:15:5-76
15-->[io.github.otpless-tech:otpless-android-sdk:2.3.8] AndroidManifest.xml:15:22-73
16    <uses-permission android:name="android.permission.CHANGE_NETWORK_STATE" />
16-->[io.github.otpless-tech:otpless-android-sdk:2.3.8] AndroidManifest.xml:16:5-79
16-->[io.github.otpless-tech:otpless-android-sdk:2.3.8] AndroidManifest.xml:16:22-76
17
18    <queries>
18-->[io.github.otpless-tech:otpless-android-sdk:2.3.8] AndroidManifest.xml:18:5-31:15
19        <package android:name="com.whatsapp" />
19-->[io.github.otpless-tech:otpless-android-sdk:2.3.8] AndroidManifest.xml:19:9-48
19-->[io.github.otpless-tech:otpless-android-sdk:2.3.8] AndroidManifest.xml:19:18-45
20        <package android:name="com.whatsapp.w4b" />
20-->[io.github.otpless-tech:otpless-android-sdk:2.3.8] AndroidManifest.xml:20:9-52
20-->[io.github.otpless-tech:otpless-android-sdk:2.3.8] AndroidManifest.xml:20:18-49
21        <package android:name="com.otpless.app" />
21-->[io.github.otpless-tech:otpless-android-sdk:2.3.8] AndroidManifest.xml:21:9-51
21-->[io.github.otpless-tech:otpless-android-sdk:2.3.8] AndroidManifest.xml:21:18-48
22        <package android:name="org.telegram.messenger" />
22-->[io.github.otpless-tech:otpless-android-sdk:2.3.8] AndroidManifest.xml:22:9-58
22-->[io.github.otpless-tech:otpless-android-sdk:2.3.8] AndroidManifest.xml:22:18-55
23        <package android:name="jp.naver.line.android" />
23-->[io.github.otpless-tech:otpless-android-sdk:2.3.8] AndroidManifest.xml:23:9-57
23-->[io.github.otpless-tech:otpless-android-sdk:2.3.8] AndroidManifest.xml:23:18-54
24        <package android:name="com.michatapp.im" />
24-->[io.github.otpless-tech:otpless-android-sdk:2.3.8] AndroidManifest.xml:24:9-52
24-->[io.github.otpless-tech:otpless-android-sdk:2.3.8] AndroidManifest.xml:24:18-49
25        <package android:name="com.discord" />
25-->[io.github.otpless-tech:otpless-android-sdk:2.3.8] AndroidManifest.xml:25:9-47
25-->[io.github.otpless-tech:otpless-android-sdk:2.3.8] AndroidManifest.xml:25:18-44
26        <package android:name="com.Slack" />
26-->[io.github.otpless-tech:otpless-android-sdk:2.3.8] AndroidManifest.xml:26:9-45
26-->[io.github.otpless-tech:otpless-android-sdk:2.3.8] AndroidManifest.xml:26:18-42
27        <package android:name="com.viber.voip" />
27-->[io.github.otpless-tech:otpless-android-sdk:2.3.8] AndroidManifest.xml:27:9-50
27-->[io.github.otpless-tech:otpless-android-sdk:2.3.8] AndroidManifest.xml:27:18-47
28        <package android:name="org.thoughtcrime.securesms" />
28-->[io.github.otpless-tech:otpless-android-sdk:2.3.8] AndroidManifest.xml:28:9-62
28-->[io.github.otpless-tech:otpless-android-sdk:2.3.8] AndroidManifest.xml:28:18-59
29        <package android:name="im.thebot.messenger" />
29-->[io.github.otpless-tech:otpless-android-sdk:2.3.8] AndroidManifest.xml:29:9-55
29-->[io.github.otpless-tech:otpless-android-sdk:2.3.8] AndroidManifest.xml:29:18-52
30        <package android:name="com.truecaller" />
30-->[io.github.otpless-tech:otpless-android-sdk:2.3.8] AndroidManifest.xml:30:9-50
30-->[io.github.otpless-tech:otpless-android-sdk:2.3.8] AndroidManifest.xml:30:18-47
31    </queries>
32
33    <permission
33-->[androidx.core:core:1.13.1] AndroidManifest.xml:22:5-24:47
34        android:name="com.legumtechnica.mydrona.DYNAMIC_RECEIVER_NOT_EXPORTED_PERMISSION"
34-->[androidx.core:core:1.13.1] AndroidManifest.xml:23:9-81
35        android:protectionLevel="signature" />
35-->[androidx.core:core:1.13.1] AndroidManifest.xml:24:9-44
36
37    <uses-permission android:name="com.legumtechnica.mydrona.DYNAMIC_RECEIVER_NOT_EXPORTED_PERMISSION" />
37-->[androidx.core:core:1.13.1] AndroidManifest.xml:26:5-97
37-->[androidx.core:core:1.13.1] AndroidManifest.xml:26:22-94
38
39    <application
39-->src/main/AndroidManifest.xml:7:5-61:19
40        android:appComponentFactory="androidx.core.app.CoreComponentFactory"
40-->[androidx.core:core:1.13.1] AndroidManifest.xml:28:18-86
41        android:icon="@mipmap/ic_launcher"
41-->src/main/AndroidManifest.xml:10:9-43
42        android:label="MyDrona"
42-->src/main/AndroidManifest.xml:8:9-32
43        android:requestLegacyExternalStorage="true" >
43-->src/main/AndroidManifest.xml:11:9-52
44        <activity
44-->src/main/AndroidManifest.xml:13:9-51:20
45            android:name="com.legumtechnica.mydrona.MainActivity"
45-->src/main/AndroidManifest.xml:14:13-41
46            android:configChanges="orientation|keyboardHidden|keyboard|screenSize|smallestScreenSize|locale|layoutDirection|fontScale|screenLayout|density|uiMode"
46-->src/main/AndroidManifest.xml:18:13-163
47            android:exported="true"
47-->src/main/AndroidManifest.xml:15:13-36
48            android:hardwareAccelerated="true"
48-->src/main/AndroidManifest.xml:19:13-47
49            android:launchMode="singleTop"
49-->src/main/AndroidManifest.xml:16:13-43
50            android:theme="@style/LaunchTheme"
50-->src/main/AndroidManifest.xml:17:13-47
51            android:windowSoftInputMode="adjustResize" >
51-->src/main/AndroidManifest.xml:20:13-55
52
53            <!--
54                 Specifies an Android theme to apply to this Activity as soon as
55                 the Android process has started. This theme is visible to the user
56                 while the Flutter UI initializes. After that, this theme continues
57                 to determine the Window background behind the Flutter UI.
58            -->
59            <meta-data
59-->src/main/AndroidManifest.xml:25:13-28:17
60                android:name="io.flutter.embedding.android.NormalTheme"
60-->src/main/AndroidManifest.xml:26:15-70
61                android:resource="@style/NormalTheme" />
61-->src/main/AndroidManifest.xml:27:15-52
62            <!--
63                 Displays an Android View that continues showing the launch screen
64                 Drawable until Flutter paints its first frame, then this splash
65                 screen fades out. A splash screen is useful to avoid any visual
66                 gap between the end of Android's launch screen and the painting of
67                 Flutter's first frame.
68            -->
69            <meta-data
69-->src/main/AndroidManifest.xml:34:13-37:17
70                android:name="io.flutter.embedding.android.SplashScreenDrawable"
70-->src/main/AndroidManifest.xml:35:15-79
71                android:resource="@drawable/launch_background" />
71-->src/main/AndroidManifest.xml:36:15-61
72
73            <intent-filter>
73-->src/main/AndroidManifest.xml:38:13-41:29
74                <action android:name="android.intent.action.MAIN" />
74-->src/main/AndroidManifest.xml:39:17-68
74-->src/main/AndroidManifest.xml:39:25-66
75
76                <category android:name="android.intent.category.LAUNCHER" />
76-->src/main/AndroidManifest.xml:40:17-76
76-->src/main/AndroidManifest.xml:40:27-74
77            </intent-filter>
78            <!-- Deep linking -->
79            <meta-data
79-->src/main/AndroidManifest.xml:43:13-90
80                android:name="flutter_deeplinking_enabled"
80-->src/main/AndroidManifest.xml:43:24-66
81                android:value="true" />
81-->src/main/AndroidManifest.xml:43:67-87
82
83            <intent-filter android:autoVerify="true" >
83-->src/main/AndroidManifest.xml:44:13-49:29
83-->src/main/AndroidManifest.xml:44:28-53
84                <action android:name="android.intent.action.VIEW" />
84-->src/main/AndroidManifest.xml:45:17-69
84-->src/main/AndroidManifest.xml:45:25-66
85
86                <category android:name="android.intent.category.DEFAULT" />
86-->src/main/AndroidManifest.xml:46:17-76
86-->src/main/AndroidManifest.xml:46:27-73
87                <category android:name="android.intent.category.BROWSABLE" />
87-->src/main/AndroidManifest.xml:47:17-78
87-->src/main/AndroidManifest.xml:47:27-75
88
89                <data
89-->src/main/AndroidManifest.xml:48:17-77
90                    android:host="mydrona.com"
90-->src/main/AndroidManifest.xml:48:48-74
91                    android:scheme="mydrona" />
91-->src/main/AndroidManifest.xml:48:23-47
92            </intent-filter>
93        </activity>
94
95        <!--
96             Don't delete the meta-data below.
97             This is used by the Flutter tool to generate GeneratedPluginRegistrant.java
98        -->
99        <meta-data
99-->src/main/AndroidManifest.xml:55:9-57:33
100            android:name="flutterEmbedding"
100-->src/main/AndroidManifest.xml:56:13-44
101            android:value="2" />
101-->src/main/AndroidManifest.xml:57:13-30
102
103        <provider
103-->[:image_picker_android] AndroidManifest.xml:11:9-19:20
104            android:name="io.flutter.plugins.imagepicker.ImagePickerFileProvider"
104-->[:image_picker_android] AndroidManifest.xml:12:13-82
105            android:authorities="com.legumtechnica.mydrona.flutter.image_provider"
105-->[:image_picker_android] AndroidManifest.xml:13:13-74
106            android:exported="false"
106-->[:image_picker_android] AndroidManifest.xml:14:13-37
107            android:grantUriPermissions="true" >
107-->[:image_picker_android] AndroidManifest.xml:15:13-47
108            <meta-data
108-->[:image_picker_android] AndroidManifest.xml:16:13-18:75
109                android:name="android.support.FILE_PROVIDER_PATHS"
109-->[:image_picker_android] AndroidManifest.xml:17:17-67
110                android:resource="@xml/flutter_image_picker_file_paths" />
110-->[:image_picker_android] AndroidManifest.xml:18:17-72
111        </provider> <!-- Trigger Google Play services to install the backported photo picker module. -->
112        <service
112-->[:image_picker_android] AndroidManifest.xml:21:9-33:19
113            android:name="com.google.android.gms.metadata.ModuleDependencies"
113-->[:image_picker_android] AndroidManifest.xml:22:13-78
114            android:enabled="false"
114-->[:image_picker_android] AndroidManifest.xml:23:13-36
115            android:exported="false" >
115-->[:image_picker_android] AndroidManifest.xml:24:13-37
116            <intent-filter>
116-->[:image_picker_android] AndroidManifest.xml:26:13-28:29
117                <action android:name="com.google.android.gms.metadata.MODULE_DEPENDENCIES" />
117-->[:image_picker_android] AndroidManifest.xml:27:17-94
117-->[:image_picker_android] AndroidManifest.xml:27:25-91
118            </intent-filter>
119
120            <meta-data
120-->[:image_picker_android] AndroidManifest.xml:30:13-32:36
121                android:name="photopicker_activity:0:required"
121-->[:image_picker_android] AndroidManifest.xml:31:17-63
122                android:value="" />
122-->[:image_picker_android] AndroidManifest.xml:32:17-33
123        </service>
124
125        <activity
125-->[:url_launcher_android] AndroidManifest.xml:10:9-13:74
126            android:name="io.flutter.plugins.urllauncher.WebViewActivity"
126-->[:url_launcher_android] AndroidManifest.xml:11:13-74
127            android:exported="false"
127-->[:url_launcher_android] AndroidManifest.xml:12:13-37
128            android:theme="@android:style/Theme.NoTitleBar.Fullscreen" />
128-->[:url_launcher_android] AndroidManifest.xml:13:13-71
129
130        <uses-library
130-->[androidx.window:window:1.0.0-beta04] AndroidManifest.xml:25:9-27:40
131            android:name="androidx.window.extensions"
131-->[androidx.window:window:1.0.0-beta04] AndroidManifest.xml:26:13-54
132            android:required="false" />
132-->[androidx.window:window:1.0.0-beta04] AndroidManifest.xml:27:13-37
133        <uses-library
133-->[androidx.window:window:1.0.0-beta04] AndroidManifest.xml:28:9-30:40
134            android:name="androidx.window.sidecar"
134-->[androidx.window:window:1.0.0-beta04] AndroidManifest.xml:29:13-51
135            android:required="false" />
135-->[androidx.window:window:1.0.0-beta04] AndroidManifest.xml:30:13-37
136
137        <receiver
137-->[io.github.otpless-tech:otpless-android-sdk:2.3.8] AndroidManifest.xml:34:9-41:20
138            android:name="com.otpless.main.OtplessZeroTapReceiver"
138-->[io.github.otpless-tech:otpless-android-sdk:2.3.8] AndroidManifest.xml:35:13-67
139            android:enabled="true"
139-->[io.github.otpless-tech:otpless-android-sdk:2.3.8] AndroidManifest.xml:36:13-35
140            android:exported="true" >
140-->[io.github.otpless-tech:otpless-android-sdk:2.3.8] AndroidManifest.xml:37:13-36
141            <intent-filter>
141-->[io.github.otpless-tech:otpless-android-sdk:2.3.8] AndroidManifest.xml:38:13-40:29
142                <action android:name="com.whatsapp.otp.OTP_RETRIEVED" />
142-->[io.github.otpless-tech:otpless-android-sdk:2.3.8] AndroidManifest.xml:39:17-73
142-->[io.github.otpless-tech:otpless-android-sdk:2.3.8] AndroidManifest.xml:39:25-70
143            </intent-filter>
144        </receiver>
145
146        <activity
146-->[com.google.android.gms:play-services-auth:20.7.0] AndroidManifest.xml:23:9-27:75
147            android:name="com.google.android.gms.auth.api.signin.internal.SignInHubActivity"
147-->[com.google.android.gms:play-services-auth:20.7.0] AndroidManifest.xml:24:13-93
148            android:excludeFromRecents="true"
148-->[com.google.android.gms:play-services-auth:20.7.0] AndroidManifest.xml:25:13-46
149            android:exported="false"
149-->[com.google.android.gms:play-services-auth:20.7.0] AndroidManifest.xml:26:13-37
150            android:theme="@android:style/Theme.Translucent.NoTitleBar" />
150-->[com.google.android.gms:play-services-auth:20.7.0] AndroidManifest.xml:27:13-72
151        <!--
152            Service handling Google Sign-In user revocation. For apps that do not integrate with
153            Google Sign-In, this service will never be started.
154        -->
155        <service
155-->[com.google.android.gms:play-services-auth:20.7.0] AndroidManifest.xml:33:9-37:51
156            android:name="com.google.android.gms.auth.api.signin.RevocationBoundService"
156-->[com.google.android.gms:play-services-auth:20.7.0] AndroidManifest.xml:34:13-89
157            android:exported="true"
157-->[com.google.android.gms:play-services-auth:20.7.0] AndroidManifest.xml:35:13-36
158            android:permission="com.google.android.gms.auth.api.signin.permission.REVOCATION_NOTIFICATION"
158-->[com.google.android.gms:play-services-auth:20.7.0] AndroidManifest.xml:36:13-107
159            android:visibleToInstantApps="true" />
159-->[com.google.android.gms:play-services-auth:20.7.0] AndroidManifest.xml:37:13-48
160
161        <activity
161-->[com.google.android.gms:play-services-base:18.0.1] AndroidManifest.xml:20:9-22:45
162            android:name="com.google.android.gms.common.api.GoogleApiActivity"
162-->[com.google.android.gms:play-services-base:18.0.1] AndroidManifest.xml:20:19-85
163            android:exported="false"
163-->[com.google.android.gms:play-services-base:18.0.1] AndroidManifest.xml:22:19-43
164            android:theme="@android:style/Theme.Translucent.NoTitleBar" />
164-->[com.google.android.gms:play-services-base:18.0.1] AndroidManifest.xml:21:19-78
165
166        <meta-data
166-->[com.google.android.gms:play-services-basement:18.2.0] AndroidManifest.xml:21:9-23:69
167            android:name="com.google.android.gms.version"
167-->[com.google.android.gms:play-services-basement:18.2.0] AndroidManifest.xml:22:13-58
168            android:value="@integer/google_play_services_version" />
168-->[com.google.android.gms:play-services-basement:18.2.0] AndroidManifest.xml:23:13-66
169
170        <provider
170-->[androidx.emoji2:emoji2:1.2.0] AndroidManifest.xml:24:9-32:20
171            android:name="androidx.startup.InitializationProvider"
171-->[androidx.emoji2:emoji2:1.2.0] AndroidManifest.xml:25:13-67
172            android:authorities="com.legumtechnica.mydrona.androidx-startup"
172-->[androidx.emoji2:emoji2:1.2.0] AndroidManifest.xml:26:13-68
173            android:exported="false" >
173-->[androidx.emoji2:emoji2:1.2.0] AndroidManifest.xml:27:13-37
174            <meta-data
174-->[androidx.emoji2:emoji2:1.2.0] AndroidManifest.xml:29:13-31:52
175                android:name="androidx.emoji2.text.EmojiCompatInitializer"
175-->[androidx.emoji2:emoji2:1.2.0] AndroidManifest.xml:30:17-75
176                android:value="androidx.startup" />
176-->[androidx.emoji2:emoji2:1.2.0] AndroidManifest.xml:31:17-49
177            <meta-data
177-->[androidx.lifecycle:lifecycle-process:2.6.2] AndroidManifest.xml:29:13-31:52
178                android:name="androidx.lifecycle.ProcessLifecycleInitializer"
178-->[androidx.lifecycle:lifecycle-process:2.6.2] AndroidManifest.xml:30:17-78
179                android:value="androidx.startup" />
179-->[androidx.lifecycle:lifecycle-process:2.6.2] AndroidManifest.xml:31:17-49
180            <meta-data
180-->[androidx.profileinstaller:profileinstaller:1.3.1] AndroidManifest.xml:29:13-31:52
181                android:name="androidx.profileinstaller.ProfileInstallerInitializer"
181-->[androidx.profileinstaller:profileinstaller:1.3.1] AndroidManifest.xml:30:17-85
182                android:value="androidx.startup" />
182-->[androidx.profileinstaller:profileinstaller:1.3.1] AndroidManifest.xml:31:17-49
183        </provider>
184
185        <receiver
185-->[androidx.profileinstaller:profileinstaller:1.3.1] AndroidManifest.xml:34:9-52:20
186            android:name="androidx.profileinstaller.ProfileInstallReceiver"
186-->[androidx.profileinstaller:profileinstaller:1.3.1] AndroidManifest.xml:35:13-76
187            android:directBootAware="false"
187-->[androidx.profileinstaller:profileinstaller:1.3.1] AndroidManifest.xml:36:13-44
188            android:enabled="true"
188-->[androidx.profileinstaller:profileinstaller:1.3.1] AndroidManifest.xml:37:13-35
189            android:exported="true"
189-->[androidx.profileinstaller:profileinstaller:1.3.1] AndroidManifest.xml:38:13-36
190            android:permission="android.permission.DUMP" >
190-->[androidx.profileinstaller:profileinstaller:1.3.1] AndroidManifest.xml:39:13-57
191            <intent-filter>
191-->[androidx.profileinstaller:profileinstaller:1.3.1] AndroidManifest.xml:40:13-42:29
192                <action android:name="androidx.profileinstaller.action.INSTALL_PROFILE" />
192-->[androidx.profileinstaller:profileinstaller:1.3.1] AndroidManifest.xml:41:17-91
192-->[androidx.profileinstaller:profileinstaller:1.3.1] AndroidManifest.xml:41:25-88
193            </intent-filter>
194            <intent-filter>
194-->[androidx.profileinstaller:profileinstaller:1.3.1] AndroidManifest.xml:43:13-45:29
195                <action android:name="androidx.profileinstaller.action.SKIP_FILE" />
195-->[androidx.profileinstaller:profileinstaller:1.3.1] AndroidManifest.xml:44:17-85
195-->[androidx.profileinstaller:profileinstaller:1.3.1] AndroidManifest.xml:44:25-82
196            </intent-filter>
197            <intent-filter>
197-->[androidx.profileinstaller:profileinstaller:1.3.1] AndroidManifest.xml:46:13-48:29
198                <action android:name="androidx.profileinstaller.action.SAVE_PROFILE" />
198-->[androidx.profileinstaller:profileinstaller:1.3.1] AndroidManifest.xml:47:17-88
198-->[androidx.profileinstaller:profileinstaller:1.3.1] AndroidManifest.xml:47:25-85
199            </intent-filter>
200            <intent-filter>
200-->[androidx.profileinstaller:profileinstaller:1.3.1] AndroidManifest.xml:49:13-51:29
201                <action android:name="androidx.profileinstaller.action.BENCHMARK_OPERATION" />
201-->[androidx.profileinstaller:profileinstaller:1.3.1] AndroidManifest.xml:50:17-95
201-->[androidx.profileinstaller:profileinstaller:1.3.1] AndroidManifest.xml:50:25-92
202            </intent-filter>
203        </receiver>
204    </application>
205
206</manifest>